2019-12-02 05:03:24.076  INFO 1 --- [main] c.e.e.EurekaServerApplication            : The following profiles are active: dev
2019-12-02 05:03:29.716  WARN 1 --- [main] o.s.boot.actuate.endpoint.EndpointId     : Endpoint ID 'service-registry' contains invalid characters, please migrate to a valid format.
2019-12-02 05:03:31.213  INFO 1 --- [main] o.s.cloud.context.scope.GenericScope     : BeanFactory id=396a6d00-f9e6-30ef-92af-6d724e24039f
2019-12-02 05:03:31.712  INFO 1 --- [main] trationDelegate$BeanPostProcessorChecker : Bean 'org.springframework.cloud.autoconfigure.ConfigurationPropertiesRebinderAutoConfiguration' of type [org.springframework.cloud.autoconfigure.ConfigurationPropertiesRebinderAutoConfiguration$$EnhancerBySpringCGLIB$$9f3d4f05] is not eligible for getting processed by all BeanPostProcessors (for example: not eligible for auto-proxying)
2019-12-02 05:03:33.185  INFO 1 --- [main] o.s.b.w.embedded.tomcat.TomcatWebServer  : Tomcat initialized with port(s): 8761 (http)
2019-12-02 05:03:33.310  INFO 1 --- [main] o.apache.catalina.core.StandardService   : Starting service [Tomcat]
2019-12-02 05:03:33.311  INFO 1 --- [main] org.apache.catalina.core.StandardEngine  : Starting Servlet engine: [Apache Tomcat/9.0.16]
2019-12-02 05:03:33.371  INFO 1 --- [main] o.a.catalina.core.AprLifecycleListener   : The APR based Apache Tomcat Native library which allows optimal performance in production environments was not found on the java.library.path: [/usr/java/packages/lib/amd64:/usr/lib64:/lib64:/lib:/usr/lib]
2019-12-02 05:03:33.651  INFO 1 --- [main] o.a.c.c.C.[Tomcat].[localhost].[/]       : Initializing Spring embedded WebApplicationContext
2019-12-02 05:03:33.669  INFO 1 --- [main] o.s.web.context.ContextLoader            : Root WebApplicationContext: initialization completed in 9468 ms
2019-12-02 05:03:34.216  WARN 1 --- [main] c.n.c.sources.URLConfigurationSource     : No URLs will be polled as dynamic configuration sources.
2019-12-02 05:03:34.217  INFO 1 --- [main] c.n.c.sources.URLConfigurationSource     : To enable URLs as dynamic configuration sources, define System property archaius.configurationSource.additionalUrls or make config.properties available on classpath.
2019-12-02 05:03:34.291  INFO 1 --- [main] c.netflix.config.DynamicPropertyFactory  : DynamicPropertyFactory is initialized with configuration sources: com.netflix.config.ConcurrentCompositeConfiguration@4d969d14
2019-12-02 05:03:37.306  INFO 1 --- [main] c.s.j.s.i.a.WebApplicationImpl           : Initiating Jersey application, version 'Jersey: 1.19.1 03/11/2016 02:08 PM'
2019-12-02 05:03:37.567  INFO 1 --- [main] c.n.d.provider.DiscoveryJerseyProvider   : Using JSON encoding codec LegacyJacksonJson
2019-12-02 05:03:37.569  INFO 1 --- [main] c.n.d.provider.DiscoveryJerseyProvider   : Using JSON decoding codec LegacyJacksonJson
2019-12-02 05:03:38.301  INFO 1 --- [main] c.n.d.provider.DiscoveryJerseyProvider   : Using XML encoding codec XStreamXml
2019-12-02 05:03:38.311  INFO 1 --- [main] c.n.d.provider.DiscoveryJerseyProvider   : Using XML decoding codec XStreamXml
2019-12-02 05:03:40.218  WARN 1 --- [main] o.s.c.n.a.ArchaiusAutoConfiguration      : No spring.application.name found, defaulting to 'application'
2019-12-02 05:03:40.220  WARN 1 --- [main] c.n.c.sources.URLConfigurationSource     : No URLs will be polled as dynamic configuration sources.
2019-12-02 05:03:40.221  INFO 1 --- [main] c.n.c.sources.URLConfigurationSource     : To enable URLs as dynamic configuration sources, define System property archaius.configurationSource.additionalUrls or make config.properties available on classpath.
2019-12-02 05:03:42.669  INFO 1 --- [main] o.s.s.concurrent.ThreadPoolTaskExecutor  : Initializing ExecutorService 'applicationTaskExecutor'
2019-12-02 05:03:45.102  INFO 1 --- [main] o.s.c.n.eureka.InstanceInfoFactory       : Setting initial instance status as: STARTING
2019-12-02 05:03:45.280  INFO 1 --- [main] com.netflix.discovery.DiscoveryClient    : Initializing Eureka in region us-east-1
2019-12-02 05:03:45.285  INFO 1 --- [main] com.netflix.discovery.DiscoveryClient    : Client configured to neither register nor query for data.
2019-12-02 05:03:45.327  INFO 1 --- [main] com.netflix.discovery.DiscoveryClient    : Discovery Client initialized at timestamp 1575263025317 with initial instances count: 0
2019-12-02 05:03:45.628  INFO 1 --- [main] c.n.eureka.DefaultEurekaServerContext    : Initializing ...
2019-12-02 05:03:45.667  INFO 1 --- [main] c.n.eureka.cluster.PeerEurekaNodes       : Adding new peer nodes [http://localhost:8761/eureka/]
2019-12-02 05:03:47.104  INFO 1 --- [main] c.n.d.provider.DiscoveryJerseyProvider   : Using JSON encoding codec LegacyJacksonJson
2019-12-02 05:03:47.105  INFO 1 --- [main] c.n.d.provider.DiscoveryJerseyProvider   : Using JSON decoding codec LegacyJacksonJson
2019-12-02 05:03:47.105  INFO 1 --- [main] c.n.d.provider.DiscoveryJerseyProvider   : Using XML encoding codec XStreamXml
2019-12-02 05:03:47.105  INFO 1 --- [main] c.n.d.provider.DiscoveryJerseyProvider   : Using XML decoding codec XStreamXml
2019-12-02 05:03:47.986  INFO 1 --- [main] c.n.eureka.cluster.PeerEurekaNodes       : Replica node URL:  http://localhost:8761/eureka/
2019-12-02 05:03:48.041  INFO 1 --- [main] c.n.e.registry.AbstractInstanceRegistry  : Finished initializing remote region registries. All known remote regions: []
2019-12-02 05:03:48.043  INFO 1 --- [main] c.n.eureka.DefaultEurekaServerContext    : Initialized
2019-12-02 05:03:48.147  INFO 1 --- [main] o.s.b.a.e.web.EndpointLinksResolver      : Exposing 2 endpoint(s) beneath base path '/actuator'
2019-12-02 05:03:48.587  INFO 1 --- [main] o.s.c.n.e.s.EurekaServiceRegistry        : Registering application UNKNOWN with eureka with status UP
2019-12-02 05:03:48.675  INFO 1 --- [Thread-14] o.s.c.n.e.server.EurekaServerBootstrap   : Setting the eureka configuration..
2019-12-02 05:03:48.695  INFO 1 --- [Thread-14] o.s.c.n.e.server.EurekaServerBootstrap   : Eureka data center value eureka.datacenter is not set, defaulting to default
2019-12-02 05:03:48.696  INFO 1 --- [Thread-14] o.s.c.n.e.server.EurekaServerBootstrap   : Eureka environment value eureka.environment is not set, defaulting to test
2019-12-02 05:03:48.787  INFO 1 --- [Thread-14] o.s.c.n.e.server.EurekaServerBootstrap   : isAws returned false
2019-12-02 05:03:48.787  INFO 1 --- [Thread-14] o.s.c.n.e.server.EurekaServerBootstrap   : Initialized server context
2019-12-02 05:03:48.788  INFO 1 --- [Thread-14] c.n.e.r.PeerAwareInstanceRegistryImpl    : Got 1 instances from neighboring DS node
2019-12-02 05:03:48.788  INFO 1 --- [Thread-14] c.n.e.r.PeerAwareInstanceRegistryImpl    : Renew threshold is: 1
2019-12-02 05:03:48.788  INFO 1 --- [Thread-14] c.n.e.r.PeerAwareInstanceRegistryImpl    : Changing status to UP
2019-12-02 05:03:48.813  INFO 1 --- [Thread-14] e.s.EurekaServerInitializerConfiguration : Started Eureka Server
2019-12-02 05:03:49.131  INFO 1 --- [main] o.s.b.w.embedded.tomcat.TomcatWebServer  : Tomcat started on port(s): 8761 (http) with context path ''
2019-12-02 05:03:49.133  INFO 1 --- [main] .s.c.n.e.s.EurekaAutoServiceRegistration : Updating port to 8761
2019-12-02 05:03:49.142  INFO 1 --- [main] c.e.e.EurekaServerApplication            : Started EurekaServerApplication in 31.348 seconds (JVM running for 53.092)
2019-12-02 05:04:07.097  INFO 1 --- [http-nio-8761-exec-2] o.a.c.c.C.[Tomcat].[localhost].[/]       : Initializing Spring DispatcherServlet 'dispatcherServlet'
2019-12-02 05:04:07.098  INFO 1 --- [http-nio-8761-exec-2] o.s.web.servlet.DispatcherServlet        : Initializing Servlet 'dispatcherServlet'
2019-12-02 05:04:07.188  INFO 1 --- [http-nio-8761-exec-2] o.s.web.servlet.DispatcherServlet        : Completed initialization in 47 ms
2019-12-02 05:04:09.654  INFO 1 --- [http-nio-8761-exec-3] c.n.e.registry.AbstractInstanceRegistry  : Registered instance API-GATEWAY/b4885fba5d5a:api-gateway with status UP (replication=false)
