2019-12-02 14:36:01.697  INFO 1 --- [main] c.g.c.CommentMicroserviceApplication     : The following profiles are active: dev
2019-12-02 14:36:05.270  INFO 1 --- [main] .s.d.r.c.RepositoryConfigurationDelegate : Bootstrapping Spring Data repositories in DEFAULT mode.
2019-12-02 14:36:05.653  INFO 1 --- [main] .s.d.r.c.RepositoryConfigurationDelegate : Finished Spring Data repository scanning in 354ms. Found 1 repository interfaces.
2019-12-02 14:36:07.644  INFO 1 --- [main] o.s.cloud.context.scope.GenericScope     : BeanFactory id=29ee78df-58fe-3ad1-99a4-1fe2e91248ab
2019-12-02 14:36:08.167  INFO 1 --- [main] trationDelegate$BeanPostProcessorChecker : Bean 'org.springframework.transaction.annotation.ProxyTransactionManagementConfiguration' of type [org.springframework.transaction.annotation.ProxyTransactionManagementConfiguration$$EnhancerBySpringCGLIB$$2f276ea6] is not eligible for getting processed by all BeanPostProcessors (for example: not eligible for auto-proxying)
2019-12-02 14:36:08.346  INFO 1 --- [main] trationDelegate$BeanPostProcessorChecker : Bean 'org.springframework.security.config.annotation.configuration.ObjectPostProcessorConfiguration' of type [org.springframework.security.config.annotation.configuration.ObjectPostProcessorConfiguration$$EnhancerBySpringCGLIB$$c7d536e0] is not eligible for getting processed by all BeanPostProcessors (for example: not eligible for auto-proxying)
2019-12-02 14:36:08.389  INFO 1 --- [main] trationDelegate$BeanPostProcessorChecker : Bean 'objectPostProcessor' of type [org.springframework.security.config.annotation.configuration.AutowireBeanFactoryObjectPostProcessor] is not eligible for getting processed by all BeanPostProcessors (for example: not eligible for auto-proxying)
2019-12-02 14:36:08.395  INFO 1 --- [main] trationDelegate$BeanPostProcessorChecker : Bean 'org.springframework.security.access.expression.method.DefaultMethodSecurityExpressionHandler@1b791e2e' of type [org.springframework.security.access.expression.method.DefaultMethodSecurityExpressionHandler] is not eligible for getting processed by all BeanPostProcessors (for example: not eligible for auto-proxying)
2019-12-02 14:36:08.451  INFO 1 --- [main] trationDelegate$BeanPostProcessorChecker : Bean 'org.springframework.security.config.annotation.method.configuration.GlobalMethodSecurityConfiguration' of type [org.springframework.security.config.annotation.method.configuration.GlobalMethodSecurityConfiguration$$EnhancerBySpringCGLIB$$eca9d992] is not eligible for getting processed by all BeanPostProcessors (for example: not eligible for auto-proxying)
2019-12-02 14:36:08.467  INFO 1 --- [main] trationDelegate$BeanPostProcessorChecker : Bean 'methodSecurityMetadataSource' of type [org.springframework.security.access.method.DelegatingMethodSecurityMetadataSource] is not eligible for getting processed by all BeanPostProcessors (for example: not eligible for auto-proxying)
2019-12-02 14:36:08.555  INFO 1 --- [main] trationDelegate$BeanPostProcessorChecker : Bean 'org.springframework.hateoas.config.HateoasConfiguration' of type [org.springframework.hateoas.config.HateoasConfiguration$$EnhancerBySpringCGLIB$$aea7bbd8] is not eligible for getting processed by all BeanPostProcessors (for example: not eligible for auto-proxying)
2019-12-02 14:36:08.648  INFO 1 --- [main] trationDelegate$BeanPostProcessorChecker : Bean 'org.springframework.cloud.autoconfigure.ConfigurationPropertiesRebinderAutoConfiguration' of type [org.springframework.cloud.autoconfigure.ConfigurationPropertiesRebinderAutoConfiguration$$EnhancerBySpringCGLIB$$4b4171a3] is not eligible for getting processed by all BeanPostProcessors (for example: not eligible for auto-proxying)
2019-12-02 14:36:10.271  INFO 1 --- [main] o.s.b.w.embedded.tomcat.TomcatWebServer  : Tomcat initialized with port(s): 2123 (http)
2019-12-02 14:36:10.415  INFO 1 --- [main] o.apache.catalina.core.StandardService   : Starting service [Tomcat]
2019-12-02 14:36:10.416  INFO 1 --- [main] org.apache.catalina.core.StandardEngine  : Starting Servlet engine: [Apache Tomcat/9.0.21]
2019-12-02 14:36:10.753  INFO 1 --- [main] o.a.c.c.C.[Tomcat].[localhost].[/]       : Initializing Spring embedded WebApplicationContext
2019-12-02 14:36:10.754  INFO 1 --- [main] o.s.web.context.ContextLoader            : Root WebApplicationContext: initialization completed in 8995 ms
2019-12-02 14:36:12.320  INFO 1 --- [main] com.zaxxer.hikari.HikariDataSource       : HikariPool-1 - Starting...
2019-12-02 14:36:12.718  INFO 1 --- [main] com.zaxxer.hikari.HikariDataSource       : HikariPool-1 - Start completed.
2019-12-02 14:36:13.178  INFO 1 --- [main] o.hibernate.jpa.internal.util.LogHelper  : HHH000204: Processing PersistenceUnitInfo [
	name: default
	...]
2019-12-02 14:36:13.469  INFO 1 --- [main] org.hibernate.Version                    : HHH000412: Hibernate Core {5.3.10.Final}
2019-12-02 14:36:13.472  INFO 1 --- [main] org.hibernate.cfg.Environment            : HHH000206: hibernate.properties not found
2019-12-02 14:36:14.826  INFO 1 --- [main] o.hibernate.annotations.common.Version   : HCANN000001: Hibernate Commons Annotations {5.0.4.Final}
2019-12-02 14:36:15.280  INFO 1 --- [main] org.hibernate.dialect.Dialect            : HHH000400: Using dialect: org.hibernate.dialect.PostgreSQL95Dialect
2019-12-02 14:36:15.596  INFO 1 --- [main] o.h.e.j.e.i.LobCreatorBuilderImpl        : HHH000421: Disabling contextual LOB creation as hibernate.jdbc.lob.non_contextual_creation is true
2019-12-02 14:36:15.605  INFO 1 --- [main] org.hibernate.type.BasicTypeRegistry     : HHH000270: Type registration [java.util.UUID] overrides previous : org.hibernate.type.UUIDBinaryType@16df1440
2019-12-02 14:36:16.984  INFO 1 --- [main] j.LocalContainerEntityManagerFactoryBean : Initialized JPA EntityManagerFactory for persistence unit 'default'
2019-12-02 14:36:19.237  INFO 1 --- [main] o.h.h.i.QueryTranslatorFactoryInitiator  : HHH000397: Using ASTQueryTranslatorFactory
2019-12-02 14:36:21.234  WARN 1 --- [main] aWebConfiguration$JpaWebMvcConfiguration : spring.jpa.open-in-view is enabled by default. Therefore, database queries may be performed during view rendering. Explicitly configure spring.jpa.open-in-view to disable this warning
2019-12-02 14:36:23.505  INFO 1 --- [main] .s.s.UserDetailsServiceAutoConfiguration : 

Using generated security password: 4da6e6ff-df26-4271-891a-a4f3c9e751d8

2019-12-02 14:36:24.116  INFO 1 --- [main] o.s.s.web.DefaultSecurityFilterChain     : Creating filter chain: any request, [org.springframework.security.web.context.request.async.WebAsyncManagerIntegrationFilter@2e6d3da1, org.springframework.security.web.context.SecurityContextPersistenceFilter@2109c4f5, org.springframework.security.web.header.HeaderWriterFilter@714c39b9, org.springframework.security.web.authentication.logout.LogoutFilter@6bbc5e8e, org.springframework.security.web.authentication.www.BasicAuthenticationFilter@5575abc2, org.springframework.security.web.savedrequest.RequestCacheAwareFilter@6d68b89e, org.springframework.security.web.servletapi.SecurityContextHolderAwareRequestFilter@40f1654b, org.springframework.security.web.authentication.AnonymousAuthenticationFilter@7dfa4214, org.springframework.security.web.session.SessionManagementFilter@5d4e65e4, org.springframework.security.web.access.ExceptionTranslationFilter@2a1dbb0f]
2019-12-02 14:36:24.666  INFO 1 --- [main] pertySourcedRequestMappingHandlerMapping : Mapped URL path [/v2/api-docs] onto method [public org.springframework.http.ResponseEntity<springfox.documentation.spring.web.json.Json> springfox.documentation.swagger2.web.Swagger2ControllerWebMvc.getDocumentation(java.lang.String,javax.servlet.http.HttpServletRequest)]
2019-12-02 14:36:24.852  WARN 1 --- [main] c.n.c.sources.URLConfigurationSource     : No URLs will be polled as dynamic configuration sources.
2019-12-02 14:36:24.862  INFO 1 --- [main] c.n.c.sources.URLConfigurationSource     : To enable URLs as dynamic configuration sources, define System property archaius.configurationSource.additionalUrls or make config.properties available on classpath.
2019-12-02 14:36:24.880  WARN 1 --- [main] c.n.c.sources.URLConfigurationSource     : No URLs will be polled as dynamic configuration sources.
2019-12-02 14:36:24.880  INFO 1 --- [main] c.n.c.sources.URLConfigurationSource     : To enable URLs as dynamic configuration sources, define System property archaius.configurationSource.additionalUrls or make config.properties available on classpath.
2019-12-02 14:36:25.667  INFO 1 --- [main] o.s.s.concurrent.ThreadPoolTaskExecutor  : Initializing ExecutorService 'applicationTaskExecutor'
2019-12-02 14:36:30.299  INFO 1 --- [main] o.s.c.n.eureka.InstanceInfoFactory       : Setting initial instance status as: STARTING
2019-12-02 14:36:30.496  INFO 1 --- [main] com.netflix.discovery.DiscoveryClient    : Initializing Eureka in region us-east-1
2019-12-02 14:36:31.335  INFO 1 --- [main] c.n.d.provider.DiscoveryJerseyProvider   : Using JSON encoding codec LegacyJacksonJson
2019-12-02 14:36:31.336  INFO 1 --- [main] c.n.d.provider.DiscoveryJerseyProvider   : Using JSON decoding codec LegacyJacksonJson
2019-12-02 14:36:31.816  INFO 1 --- [main] c.n.d.provider.DiscoveryJerseyProvider   : Using XML encoding codec XStreamXml
2019-12-02 14:36:31.821  INFO 1 --- [main] c.n.d.provider.DiscoveryJerseyProvider   : Using XML decoding codec XStreamXml
2019-12-02 14:36:32.600  INFO 1 --- [main] c.n.d.s.r.aws.ConfigClusterResolver      : Resolving eureka endpoints via configuration
2019-12-02 14:36:32.730  INFO 1 --- [main] com.netflix.discovery.DiscoveryClient    : Disable delta property : false
2019-12-02 14:36:32.742  INFO 1 --- [main] com.netflix.discovery.DiscoveryClient    : Single vip registry refresh property : null
2019-12-02 14:36:32.742  INFO 1 --- [main] com.netflix.discovery.DiscoveryClient    : Force full registry fetch : false
2019-12-02 14:36:32.743  INFO 1 --- [main] com.netflix.discovery.DiscoveryClient    : Application is null : false
2019-12-02 14:36:32.743  INFO 1 --- [main] com.netflix.discovery.DiscoveryClient    : Registered Applications size is zero : true
2019-12-02 14:36:32.744  INFO 1 --- [main] com.netflix.discovery.DiscoveryClient    : Application version is -1: true
2019-12-02 14:36:32.745  INFO 1 --- [main] com.netflix.discovery.DiscoveryClient    : Getting all instance registry info from the eureka server
2019-12-02 14:36:33.703  INFO 1 --- [main] com.netflix.discovery.DiscoveryClient    : The response status is 200
2019-12-02 14:36:33.734  INFO 1 --- [main] com.netflix.discovery.DiscoveryClient    : Starting heartbeat executor: renew interval is: 30
2019-12-02 14:36:33.753  INFO 1 --- [main] c.n.discovery.InstanceInfoReplicator     : InstanceInfoReplicator onDemand update allowed rate per min is 4
2019-12-02 14:36:33.834  INFO 1 --- [main] com.netflix.discovery.DiscoveryClient    : Discovery Client initialized at timestamp 1575297393832 with initial instances count: 0
2019-12-02 14:36:33.906  INFO 1 --- [main] o.s.c.n.e.s.EurekaServiceRegistry        : Registering application COMMENTS with eureka with status UP
2019-12-02 14:36:33.908  INFO 1 --- [main] com.netflix.discovery.DiscoveryClient    : Saw local status change event StatusChangeEvent [timestamp=1575297393908, current=UP, previous=STARTING]
2019-12-02 14:36:33.911  INFO 1 --- [main] d.s.w.p.DocumentationPluginsBootstrapper : Documentation plugins bootstrapped
2019-12-02 14:36:33.974  INFO 1 --- [main] d.s.w.p.DocumentationPluginsBootstrapper : Found 1 custom documentation plugin(s)
2019-12-02 14:36:33.934  INFO 1 --- [DiscoveryClient-InstanceInfoReplicator-0] com.netflix.discovery.DiscoveryClient    : DiscoveryClient_COMMENTS/15d6ff047de4:comments:2123: registering service...
2019-12-02 14:36:34.371  INFO 1 --- [main] s.d.s.w.s.ApiListingReferenceScanner     : Scanning for api listing references
2019-12-02 14:36:34.552  INFO 1 --- [DiscoveryClient-InstanceInfoReplicator-0] com.netflix.discovery.DiscoveryClient    : DiscoveryClient_COMMENTS/15d6ff047de4:comments:2123 - registration status: 204
2019-12-02 14:36:35.073  INFO 1 --- [main] o.s.a.r.c.CachingConnectionFactory       : Attempting to connect to: [rabbitmq:5672]
2019-12-02 14:36:35.368  INFO 1 --- [main] o.s.a.r.c.CachingConnectionFactory       : Created new connection: rabbitConnectionFactory#373c6e2:0/SimpleConnection@7e0928ba [delegate=amqp://guest@192.168.64.2:5672/, localPort= 48736]
2019-12-02 14:36:35.404  INFO 1 --- [main] o.s.amqp.rabbit.core.RabbitAdmin         : Auto-declaring a non-durable, auto-delete, or exclusive Queue (post.comment) durable:false, auto-delete:false, exclusive:false. It will be redeclared if the broker stops and is restarted while the connection factory is alive, but all messages will be lost.
2019-12-02 14:36:35.836  INFO 1 --- [main] o.s.b.w.embedded.tomcat.TomcatWebServer  : Tomcat started on port(s): 2123 (http) with context path ''
2019-12-02 14:36:35.839  INFO 1 --- [main] .s.c.n.e.s.EurekaAutoServiceRegistration : Updating port to 2123
2019-12-02 14:36:35.878  INFO 1 --- [main] c.g.c.CommentMicroserviceApplication     : Started CommentMicroserviceApplication in 39.968 seconds (JVM running for 61.385)
2019-12-02 14:36:41.443  INFO 1 --- [http-nio-2123-exec-1] o.a.c.c.C.[Tomcat].[localhost].[/]       : Initializing Spring DispatcherServlet 'dispatcherServlet'
2019-12-02 14:36:41.443  INFO 1 --- [http-nio-2123-exec-1] o.s.web.servlet.DispatcherServlet        : Initializing Servlet 'dispatcherServlet'
2019-12-02 14:36:41.475  INFO 1 --- [http-nio-2123-exec-1] o.s.web.servlet.DispatcherServlet        : Completed initialization in 32 ms
2019-12-02 14:37:03.725  INFO 1 --- [DiscoveryClient-CacheRefreshExecutor-0] com.netflix.discovery.DiscoveryClient    : Disable delta property : false
2019-12-02 14:37:03.726  INFO 1 --- [DiscoveryClient-CacheRefreshExecutor-0] com.netflix.discovery.DiscoveryClient    : Single vip registry refresh property : null
2019-12-02 14:37:03.727  INFO 1 --- [DiscoveryClient-CacheRefreshExecutor-0] com.netflix.discovery.DiscoveryClient    : Force full registry fetch : false
2019-12-02 14:37:03.728  INFO 1 --- [DiscoveryClient-CacheRefreshExecutor-0] com.netflix.discovery.DiscoveryClient    : Application is null : false
2019-12-02 14:37:03.729  INFO 1 --- [DiscoveryClient-CacheRefreshExecutor-0] com.netflix.discovery.DiscoveryClient    : Registered Applications size is zero : true
2019-12-02 14:37:03.730  INFO 1 --- [DiscoveryClient-CacheRefreshExecutor-0] com.netflix.discovery.DiscoveryClient    : Application version is -1: false
2019-12-02 14:37:03.732  INFO 1 --- [DiscoveryClient-CacheRefreshExecutor-0] com.netflix.discovery.DiscoveryClient    : Getting all instance registry info from the eureka server
2019-12-02 14:37:03.817  INFO 1 --- [DiscoveryClient-CacheRefreshExecutor-0] com.netflix.discovery.DiscoveryClient    : The response status is 200
2019-12-02 14:37:09.921  INFO 1 --- [Thread-8] o.s.c.n.e.s.EurekaServiceRegistry        : Unregistering application COMMENTS with eureka with status DOWN
2019-12-02 14:37:09.922  WARN 1 --- [Thread-8] com.netflix.discovery.DiscoveryClient    : Saw local status change event StatusChangeEvent [timestamp=1575297429922, current=DOWN, previous=UP]
2019-12-02 14:37:09.922  INFO 1 --- [DiscoveryClient-InstanceInfoReplicator-0] com.netflix.discovery.DiscoveryClient    : DiscoveryClient_COMMENTS/15d6ff047de4:comments:2123: registering service...
2019-12-02 14:37:09.936  INFO 1 --- [DiscoveryClient-InstanceInfoReplicator-0] com.netflix.discovery.DiscoveryClient    : DiscoveryClient_COMMENTS/15d6ff047de4:comments:2123 - registration status: 204
2019-12-02 14:37:09.960  INFO 1 --- [Thread-8] o.s.a.r.l.SimpleMessageListenerContainer : Waiting for workers to finish.
2019-12-02 14:37:10.648  INFO 1 --- [Thread-8] o.s.a.r.l.SimpleMessageListenerContainer : Successfully waited for workers to finish.
2019-12-02 14:37:10.657  INFO 1 --- [Thread-8] o.s.a.r.l.SimpleMessageListenerContainer : Shutdown ignored - container is not active already
2019-12-02 14:37:10.659  INFO 1 --- [Thread-8] o.s.s.concurrent.ThreadPoolTaskExecutor  : Shutting down ExecutorService 'applicationTaskExecutor'
2019-12-02 14:37:10.672  INFO 1 --- [Thread-8] j.LocalContainerEntityManagerFactoryBean : Closing JPA EntityManagerFactory for persistence unit 'default'
2019-12-02 14:37:10.675  INFO 1 --- [Thread-8] com.netflix.discovery.DiscoveryClient    : Shutting down DiscoveryClient ...
2019-12-02 14:37:13.682  INFO 1 --- [Thread-8] com.netflix.discovery.DiscoveryClient    : Unregistering ...
2019-12-02 14:37:13.706  INFO 1 --- [Thread-8] com.netflix.discovery.DiscoveryClient    : DiscoveryClient_COMMENTS/15d6ff047de4:comments:2123 - deregister  status: 200
2019-12-02 14:37:13.743  INFO 1 --- [Thread-8] com.netflix.discovery.DiscoveryClient    : Completed shut down of DiscoveryClient
2019-12-02 14:37:13.744  INFO 1 --- [Thread-8] com.zaxxer.hikari.HikariDataSource       : HikariPool-1 - Shutdown initiated...
2019-12-02 14:37:13.766  INFO 1 --- [Thread-8] com.zaxxer.hikari.HikariDataSource       : HikariPool-1 - Shutdown completed.
2019-12-02 14:39:06.390  INFO 1 --- [main] c.g.c.CommentMicroserviceApplication     : The following profiles are active: dev
2019-12-02 14:39:12.856  INFO 1 --- [main] .s.d.r.c.RepositoryConfigurationDelegate : Bootstrapping Spring Data repositories in DEFAULT mode.
2019-12-02 14:39:13.369  INFO 1 --- [main] .s.d.r.c.RepositoryConfigurationDelegate : Finished Spring Data repository scanning in 453ms. Found 1 repository interfaces.
2019-12-02 14:39:16.391  INFO 1 --- [main] o.s.cloud.context.scope.GenericScope     : BeanFactory id=29ee78df-58fe-3ad1-99a4-1fe2e91248ab
2019-12-02 14:39:17.612  INFO 1 --- [main] trationDelegate$BeanPostProcessorChecker : Bean 'org.springframework.transaction.annotation.ProxyTransactionManagementConfiguration' of type [org.springframework.transaction.annotation.ProxyTransactionManagementConfiguration$$EnhancerBySpringCGLIB$$bb070e81] is not eligible for getting processed by all BeanPostProcessors (for example: not eligible for auto-proxying)
2019-12-02 14:39:17.757  INFO 1 --- [main] trationDelegate$BeanPostProcessorChecker : Bean 'org.springframework.security.config.annotation.configuration.ObjectPostProcessorConfiguration' of type [org.springframework.security.config.annotation.configuration.ObjectPostProcessorConfiguration$$EnhancerBySpringCGLIB$$53b4d6bb] is not eligible for getting processed by all BeanPostProcessors (for example: not eligible for auto-proxying)
2019-12-02 14:39:17.788  INFO 1 --- [main] trationDelegate$BeanPostProcessorChecker : Bean 'objectPostProcessor' of type [org.springframework.security.config.annotation.configuration.AutowireBeanFactoryObjectPostProcessor] is not eligible for getting processed by all BeanPostProcessors (for example: not eligible for auto-proxying)
2019-12-02 14:39:17.798  INFO 1 --- [main] trationDelegate$BeanPostProcessorChecker : Bean 'org.springframework.security.access.expression.method.DefaultMethodSecurityExpressionHandler@28456c53' of type [org.springframework.security.access.expression.method.DefaultMethodSecurityExpressionHandler] is not eligible for getting processed by all BeanPostProcessors (for example: not eligible for auto-proxying)
2019-12-02 14:39:17.824  INFO 1 --- [main] trationDelegate$BeanPostProcessorChecker : Bean 'org.springframework.security.config.annotation.method.configuration.GlobalMethodSecurityConfiguration' of type [org.springframework.security.config.annotation.method.configuration.GlobalMethodSecurityConfiguration$$EnhancerBySpringCGLIB$$7889796d] is not eligible for getting processed by all BeanPostProcessors (for example: not eligible for auto-proxying)
2019-12-02 14:39:17.837  INFO 1 --- [main] trationDelegate$BeanPostProcessorChecker : Bean 'methodSecurityMetadataSource' of type [org.springframework.security.access.method.DelegatingMethodSecurityMetadataSource] is not eligible for getting processed by all BeanPostProcessors (for example: not eligible for auto-proxying)
2019-12-02 14:39:17.908  INFO 1 --- [main] trationDelegate$BeanPostProcessorChecker : Bean 'org.springframework.hateoas.config.HateoasConfiguration' of type [org.springframework.hateoas.config.HateoasConfiguration$$EnhancerBySpringCGLIB$$3a875bb3] is not eligible for getting processed by all BeanPostProcessors (for example: not eligible for auto-proxying)
2019-12-02 14:39:17.961  INFO 1 --- [main] trationDelegate$BeanPostProcessorChecker : Bean 'org.springframework.cloud.autoconfigure.ConfigurationPropertiesRebinderAutoConfiguration' of type [org.springframework.cloud.autoconfigure.ConfigurationPropertiesRebinderAutoConfiguration$$EnhancerBySpringCGLIB$$d721117e] is not eligible for getting processed by all BeanPostProcessors (for example: not eligible for auto-proxying)
2019-12-02 14:39:21.370  INFO 1 --- [main] o.s.b.w.embedded.tomcat.TomcatWebServer  : Tomcat initialized with port(s): 2123 (http)
2019-12-02 14:39:21.697  INFO 1 --- [main] o.apache.catalina.core.StandardService   : Starting service [Tomcat]
2019-12-02 14:39:21.698  INFO 1 --- [main] org.apache.catalina.core.StandardEngine  : Starting Servlet engine: [Apache Tomcat/9.0.21]
2019-12-02 14:39:22.432  INFO 1 --- [main] o.a.c.c.C.[Tomcat].[localhost].[/]       : Initializing Spring embedded WebApplicationContext
2019-12-02 14:39:22.443  INFO 1 --- [main] o.s.web.context.ContextLoader            : Root WebApplicationContext: initialization completed in 15955 ms
2019-12-02 14:39:25.421  INFO 1 --- [main] com.zaxxer.hikari.HikariDataSource       : HikariPool-1 - Starting...
2019-12-02 14:39:26.108  INFO 1 --- [main] com.zaxxer.hikari.HikariDataSource       : HikariPool-1 - Start completed.
2019-12-02 14:39:26.952  INFO 1 --- [main] o.hibernate.jpa.internal.util.LogHelper  : HHH000204: Processing PersistenceUnitInfo [
	name: default
	...]
2019-12-02 14:39:27.289  INFO 1 --- [main] org.hibernate.Version                    : HHH000412: Hibernate Core {5.3.10.Final}
2019-12-02 14:39:27.292  INFO 1 --- [main] org.hibernate.cfg.Environment            : HHH000206: hibernate.properties not found
2019-12-02 14:39:29.584  INFO 1 --- [main] o.hibernate.annotations.common.Version   : HCANN000001: Hibernate Commons Annotations {5.0.4.Final}
2019-12-02 14:39:30.209  INFO 1 --- [main] org.hibernate.dialect.Dialect            : HHH000400: Using dialect: org.hibernate.dialect.PostgreSQL95Dialect
2019-12-02 14:39:30.712  INFO 1 --- [main] o.h.e.j.e.i.LobCreatorBuilderImpl        : HHH000421: Disabling contextual LOB creation as hibernate.jdbc.lob.non_contextual_creation is true
2019-12-02 14:39:30.803  INFO 1 --- [main] org.hibernate.type.BasicTypeRegistry     : HHH000270: Type registration [java.util.UUID] overrides previous : org.hibernate.type.UUIDBinaryType@642ecca9
2019-12-02 14:39:33.283  INFO 1 --- [main] j.LocalContainerEntityManagerFactoryBean : Initialized JPA EntityManagerFactory for persistence unit 'default'
2019-12-02 14:39:37.882  INFO 1 --- [main] o.h.h.i.QueryTranslatorFactoryInitiator  : HHH000397: Using ASTQueryTranslatorFactory
2019-12-02 14:39:41.866  WARN 1 --- [main] aWebConfiguration$JpaWebMvcConfiguration : spring.jpa.open-in-view is enabled by default. Therefore, database queries may be performed during view rendering. Explicitly configure spring.jpa.open-in-view to disable this warning
2019-12-02 14:39:47.164  INFO 1 --- [main] .s.s.UserDetailsServiceAutoConfiguration : 

Using generated security password: 40dbbaa0-3422-4b4e-b10e-d3cbf2fb83cd

2019-12-02 14:39:48.229  INFO 1 --- [main] o.s.s.web.DefaultSecurityFilterChain     : Creating filter chain: any request, [org.springframework.security.web.context.request.async.WebAsyncManagerIntegrationFilter@7ed127dd, org.springframework.security.web.context.SecurityContextPersistenceFilter@1df0c843, org.springframework.security.web.header.HeaderWriterFilter@712a296c, org.springframework.security.web.authentication.logout.LogoutFilter@56a4cf6b, org.springframework.security.web.authentication.www.BasicAuthenticationFilter@7b5a2dd1, org.springframework.security.web.savedrequest.RequestCacheAwareFilter@76f47b85, org.springframework.security.web.servletapi.SecurityContextHolderAwareRequestFilter@1d095a27, org.springframework.security.web.authentication.AnonymousAuthenticationFilter@4c5b46ee, org.springframework.security.web.session.SessionManagementFilter@634a3454, org.springframework.security.web.access.ExceptionTranslationFilter@1c664595]
2019-12-02 14:39:48.831  INFO 1 --- [main] pertySourcedRequestMappingHandlerMapping : Mapped URL path [/v2/api-docs] onto method [public org.springframework.http.ResponseEntity<springfox.documentation.spring.web.json.Json> springfox.documentation.swagger2.web.Swagger2ControllerWebMvc.getDocumentation(java.lang.String,javax.servlet.http.HttpServletRequest)]
2019-12-02 14:39:49.298  WARN 1 --- [main] c.n.c.sources.URLConfigurationSource     : No URLs will be polled as dynamic configuration sources.
2019-12-02 14:39:49.298  INFO 1 --- [main] c.n.c.sources.URLConfigurationSource     : To enable URLs as dynamic configuration sources, define System property archaius.configurationSource.additionalUrls or make config.properties available on classpath.
2019-12-02 14:39:49.376  WARN 1 --- [main] c.n.c.sources.URLConfigurationSource     : No URLs will be polled as dynamic configuration sources.
2019-12-02 14:39:49.379  INFO 1 --- [main] c.n.c.sources.URLConfigurationSource     : To enable URLs as dynamic configuration sources, define System property archaius.configurationSource.additionalUrls or make config.properties available on classpath.
2019-12-02 14:39:51.561  INFO 1 --- [main] o.s.s.concurrent.ThreadPoolTaskExecutor  : Initializing ExecutorService 'applicationTaskExecutor'
2019-12-02 14:40:00.633  INFO 1 --- [main] o.s.c.n.eureka.InstanceInfoFactory       : Setting initial instance status as: STARTING
2019-12-02 14:40:01.118  INFO 1 --- [main] com.netflix.discovery.DiscoveryClient    : Initializing Eureka in region us-east-1
2019-12-02 14:40:02.465  INFO 1 --- [main] c.n.d.provider.DiscoveryJerseyProvider   : Using JSON encoding codec LegacyJacksonJson
2019-12-02 14:40:02.471  INFO 1 --- [main] c.n.d.provider.DiscoveryJerseyProvider   : Using JSON decoding codec LegacyJacksonJson
2019-12-02 14:40:03.189  INFO 1 --- [main] c.n.d.provider.DiscoveryJerseyProvider   : Using XML encoding codec XStreamXml
2019-12-02 14:40:03.212  INFO 1 --- [main] c.n.d.provider.DiscoveryJerseyProvider   : Using XML decoding codec XStreamXml
2019-12-02 14:40:04.160  INFO 1 --- [main] c.n.d.s.r.aws.ConfigClusterResolver      : Resolving eureka endpoints via configuration
2019-12-02 14:40:04.595  INFO 1 --- [main] com.netflix.discovery.DiscoveryClient    : Disable delta property : false
2019-12-02 14:40:04.597  INFO 1 --- [main] com.netflix.discovery.DiscoveryClient    : Single vip registry refresh property : null
2019-12-02 14:40:04.597  INFO 1 --- [main] com.netflix.discovery.DiscoveryClient    : Force full registry fetch : false
2019-12-02 14:40:04.607  INFO 1 --- [main] com.netflix.discovery.DiscoveryClient    : Application is null : false
2019-12-02 14:40:04.608  INFO 1 --- [main] com.netflix.discovery.DiscoveryClient    : Registered Applications size is zero : true
2019-12-02 14:40:04.608  INFO 1 --- [main] com.netflix.discovery.DiscoveryClient    : Application version is -1: true
2019-12-02 14:40:04.608  INFO 1 --- [main] com.netflix.discovery.DiscoveryClient    : Getting all instance registry info from the eureka server
2019-12-02 14:40:07.123  INFO 1 --- [main] com.netflix.discovery.DiscoveryClient    : The response status is 200
2019-12-02 14:40:07.133  INFO 1 --- [main] com.netflix.discovery.DiscoveryClient    : Starting heartbeat executor: renew interval is: 30
2019-12-02 14:40:07.159  INFO 1 --- [main] c.n.discovery.InstanceInfoReplicator     : InstanceInfoReplicator onDemand update allowed rate per min is 4
2019-12-02 14:40:07.188  INFO 1 --- [main] com.netflix.discovery.DiscoveryClient    : Discovery Client initialized at timestamp 1575297607173 with initial instances count: 0
2019-12-02 14:40:07.238  INFO 1 --- [main] o.s.c.n.e.s.EurekaServiceRegistry        : Registering application COMMENTS with eureka with status UP
2019-12-02 14:40:07.267  INFO 1 --- [main] com.netflix.discovery.DiscoveryClient    : Saw local status change event StatusChangeEvent [timestamp=1575297607267, current=UP, previous=STARTING]
2019-12-02 14:40:07.296  INFO 1 --- [main] d.s.w.p.DocumentationPluginsBootstrapper : Documentation plugins bootstrapped
2019-12-02 14:40:07.319  INFO 1 --- [DiscoveryClient-InstanceInfoReplicator-0] com.netflix.discovery.DiscoveryClient    : DiscoveryClient_COMMENTS/15d6ff047de4:comments:2123: registering service...
2019-12-02 14:40:07.340  INFO 1 --- [main] d.s.w.p.DocumentationPluginsBootstrapper : Found 1 custom documentation plugin(s)
2019-12-02 14:40:08.508  INFO 1 --- [main] s.d.s.w.s.ApiListingReferenceScanner     : Scanning for api listing references
2019-12-02 14:40:08.729  INFO 1 --- [DiscoveryClient-InstanceInfoReplicator-0] com.netflix.discovery.DiscoveryClient    : DiscoveryClient_COMMENTS/15d6ff047de4:comments:2123 - registration status: 204
2019-12-02 14:40:09.788  INFO 1 --- [main] o.s.a.r.c.CachingConnectionFactory       : Attempting to connect to: [rabbitmq:5672]
2019-12-02 14:40:10.273  INFO 1 --- [main] o.s.a.r.c.CachingConnectionFactory       : Created new connection: rabbitConnectionFactory#17ebebb1:0/SimpleConnection@45fcadc5 [delegate=amqp://guest@192.168.64.2:5672/, localPort= 56340]
2019-12-02 14:40:10.392  INFO 1 --- [main] o.s.amqp.rabbit.core.RabbitAdmin         : Auto-declaring a non-durable, auto-delete, or exclusive Queue (post.comment) durable:false, auto-delete:false, exclusive:false. It will be redeclared if the broker stops and is restarted while the connection factory is alive, but all messages will be lost.
2019-12-02 14:40:11.226  INFO 1 --- [main] o.s.b.w.embedded.tomcat.TomcatWebServer  : Tomcat started on port(s): 2123 (http) with context path ''
2019-12-02 14:40:11.228  INFO 1 --- [main] .s.c.n.e.s.EurekaAutoServiceRegistration : Updating port to 2123
2019-12-02 14:40:11.261  INFO 1 --- [main] c.g.c.CommentMicroserviceApplication     : Started CommentMicroserviceApplication in 71.737 seconds (JVM running for 97.234)
2019-12-02 14:40:20.364  INFO 1 --- [http-nio-2123-exec-1] o.a.c.c.C.[Tomcat].[localhost].[/]       : Initializing Spring DispatcherServlet 'dispatcherServlet'
2019-12-02 14:40:20.365  INFO 1 --- [http-nio-2123-exec-1] o.s.web.servlet.DispatcherServlet        : Initializing Servlet 'dispatcherServlet'
2019-12-02 14:40:20.404  INFO 1 --- [http-nio-2123-exec-1] o.s.web.servlet.DispatcherServlet        : Completed initialization in 39 ms
2019-12-02 14:40:37.242  INFO 1 --- [DiscoveryClient-CacheRefreshExecutor-0] com.netflix.discovery.DiscoveryClient    : Disable delta property : false
2019-12-02 14:40:37.256  INFO 1 --- [DiscoveryClient-CacheRefreshExecutor-0] com.netflix.discovery.DiscoveryClient    : Single vip registry refresh property : null
2019-12-02 14:40:37.256  INFO 1 --- [DiscoveryClient-CacheRefreshExecutor-0] com.netflix.discovery.DiscoveryClient    : Force full registry fetch : false
2019-12-02 14:40:37.257  INFO 1 --- [DiscoveryClient-CacheRefreshExecutor-0] com.netflix.discovery.DiscoveryClient    : Application is null : false
2019-12-02 14:40:37.257  INFO 1 --- [DiscoveryClient-CacheRefreshExecutor-0] com.netflix.discovery.DiscoveryClient    : Registered Applications size is zero : true
2019-12-02 14:40:37.258  INFO 1 --- [DiscoveryClient-CacheRefreshExecutor-0] com.netflix.discovery.DiscoveryClient    : Application version is -1: false
2019-12-02 14:40:37.259  INFO 1 --- [DiscoveryClient-CacheRefreshExecutor-0] com.netflix.discovery.DiscoveryClient    : Getting all instance registry info from the eureka server
2019-12-02 14:40:37.507  INFO 1 --- [DiscoveryClient-CacheRefreshExecutor-0] com.netflix.discovery.DiscoveryClient    : The response status is 200
2019-12-02 14:45:04.612  INFO 1 --- [AsyncResolver-bootstrap-executor-0] c.n.d.s.r.aws.ConfigClusterResolver      : Resolving eureka endpoints via configuration
2019-12-02 14:50:40.426  INFO 1 --- [DiscoveryClient-HeartbeatExecutor-0] com.netflix.discovery.DiscoveryClient    : DiscoveryClient_COMMENTS/15d6ff047de4:comments:2123 - Re-registering apps/COMMENTS
2019-12-02 14:50:40.426  INFO 1 --- [DiscoveryClient-HeartbeatExecutor-0] com.netflix.discovery.DiscoveryClient    : DiscoveryClient_COMMENTS/15d6ff047de4:comments:2123: registering service...
2019-12-02 14:50:40.438  INFO 1 --- [DiscoveryClient-HeartbeatExecutor-0] com.netflix.discovery.DiscoveryClient    : DiscoveryClient_COMMENTS/15d6ff047de4:comments:2123 - registration status: 204
2019-12-02 14:51:03.112  INFO 1 --- [Thread-8] o.s.c.n.e.s.EurekaServiceRegistry        : Unregistering application COMMENTS with eureka with status DOWN
2019-12-02 14:51:03.117  WARN 1 --- [Thread-8] com.netflix.discovery.DiscoveryClient    : Saw local status change event StatusChangeEvent [timestamp=1575298263117, current=DOWN, previous=UP]
2019-12-02 14:51:03.118  INFO 1 --- [DiscoveryClient-InstanceInfoReplicator-0] com.netflix.discovery.DiscoveryClient    : DiscoveryClient_COMMENTS/15d6ff047de4:comments:2123: registering service...
2019-12-02 14:51:03.159  INFO 1 --- [DiscoveryClient-InstanceInfoReplicator-0] com.netflix.discovery.DiscoveryClient    : DiscoveryClient_COMMENTS/15d6ff047de4:comments:2123 - registration status: 204
2019-12-02 14:51:03.218  INFO 1 --- [Thread-8] o.s.a.r.l.SimpleMessageListenerContainer : Waiting for workers to finish.
2019-12-02 14:51:03.735  INFO 1 --- [Thread-8] o.s.a.r.l.SimpleMessageListenerContainer : Successfully waited for workers to finish.
2019-12-02 14:51:03.754  INFO 1 --- [Thread-8] o.s.a.r.l.SimpleMessageListenerContainer : Shutdown ignored - container is not active already
2019-12-02 14:51:03.767  INFO 1 --- [Thread-8] o.s.s.concurrent.ThreadPoolTaskExecutor  : Shutting down ExecutorService 'applicationTaskExecutor'
2019-12-02 14:51:03.828  INFO 1 --- [Thread-8] j.LocalContainerEntityManagerFactoryBean : Closing JPA EntityManagerFactory for persistence unit 'default'
2019-12-02 14:51:03.852  INFO 1 --- [Thread-8] com.netflix.discovery.DiscoveryClient    : Shutting down DiscoveryClient ...
2019-12-02 14:51:06.853  INFO 1 --- [Thread-8] com.netflix.discovery.DiscoveryClient    : Unregistering ...
2019-12-02 14:51:06.861  INFO 1 --- [Thread-8] com.netflix.discovery.DiscoveryClient    : DiscoveryClient_COMMENTS/15d6ff047de4:comments:2123 - deregister  status: 200
2019-12-02 14:51:06.887  INFO 1 --- [Thread-8] com.netflix.discovery.DiscoveryClient    : Completed shut down of DiscoveryClient
2019-12-02 14:51:06.888  INFO 1 --- [Thread-8] com.zaxxer.hikari.HikariDataSource       : HikariPool-1 - Shutdown initiated...
2019-12-02 14:51:06.955  INFO 1 --- [Thread-8] com.zaxxer.hikari.HikariDataSource       : HikariPool-1 - Shutdown completed.
2019-12-02 15:29:15.775  INFO 1 --- [main] c.g.c.CommentMicroserviceApplication     : The following profiles are active: dev
2019-12-02 15:30:13.819  INFO 1 --- [main] .s.d.r.c.RepositoryConfigurationDelegate : Bootstrapping Spring Data repositories in DEFAULT mode.
2019-12-02 15:30:17.008  INFO 1 --- [main] .s.d.r.c.RepositoryConfigurationDelegate : Finished Spring Data repository scanning in 3011ms. Found 1 repository interfaces.
2019-12-02 15:30:27.307  INFO 1 --- [main] o.s.cloud.context.scope.GenericScope     : BeanFactory id=29ee78df-58fe-3ad1-99a4-1fe2e91248ab
2019-12-02 15:30:30.321  INFO 1 --- [main] trationDelegate$BeanPostProcessorChecker : Bean 'org.springframework.transaction.annotation.ProxyTransactionManagementConfiguration' of type [org.springframework.transaction.annotation.ProxyTransactionManagementConfiguration$$EnhancerBySpringCGLIB$$1cb56330] is not eligible for getting processed by all BeanPostProcessors (for example: not eligible for auto-proxying)
2019-12-02 15:30:32.077  INFO 1 --- [main] trationDelegate$BeanPostProcessorChecker : Bean 'org.springframework.security.config.annotation.configuration.ObjectPostProcessorConfiguration' of type [org.springframework.security.config.annotation.configuration.ObjectPostProcessorConfiguration$$EnhancerBySpringCGLIB$$b5632b6a] is not eligible for getting processed by all BeanPostProcessors (for example: not eligible for auto-proxying)
2019-12-02 15:30:32.267  INFO 1 --- [main] trationDelegate$BeanPostProcessorChecker : Bean 'objectPostProcessor' of type [org.springframework.security.config.annotation.configuration.AutowireBeanFactoryObjectPostProcessor] is not eligible for getting processed by all BeanPostProcessors (for example: not eligible for auto-proxying)
2019-12-02 15:30:32.297  INFO 1 --- [main] trationDelegate$BeanPostProcessorChecker : Bean 'org.springframework.security.access.expression.method.DefaultMethodSecurityExpressionHandler@1956e198' of type [org.springframework.security.access.expression.method.DefaultMethodSecurityExpressionHandler] is not eligible for getting processed by all BeanPostProcessors (for example: not eligible for auto-proxying)
2019-12-02 15:30:32.328  INFO 1 --- [main] trationDelegate$BeanPostProcessorChecker : Bean 'org.springframework.security.config.annotation.method.configuration.GlobalMethodSecurityConfiguration' of type [org.springframework.security.config.annotation.method.configuration.GlobalMethodSecurityConfiguration$$EnhancerBySpringCGLIB$$da37ce1c] is not eligible for getting processed by all BeanPostProcessors (for example: not eligible for auto-proxying)
2019-12-02 15:30:32.444  INFO 1 --- [main] trationDelegate$BeanPostProcessorChecker : Bean 'methodSecurityMetadataSource' of type [org.springframework.security.access.method.DelegatingMethodSecurityMetadataSource] is not eligible for getting processed by all BeanPostProcessors (for example: not eligible for auto-proxying)
2019-12-02 15:30:32.957  INFO 1 --- [main] trationDelegate$BeanPostProcessorChecker : Bean 'org.springframework.hateoas.config.HateoasConfiguration' of type [org.springframework.hateoas.config.HateoasConfiguration$$EnhancerBySpringCGLIB$$9c35b062] is not eligible for getting processed by all BeanPostProcessors (for example: not eligible for auto-proxying)
2019-12-02 15:30:33.221  INFO 1 --- [main] trationDelegate$BeanPostProcessorChecker : Bean 'org.springframework.cloud.autoconfigure.ConfigurationPropertiesRebinderAutoConfiguration' of type [org.springframework.cloud.autoconfigure.ConfigurationPropertiesRebinderAutoConfiguration$$EnhancerBySpringCGLIB$$38cf662d] is not eligible for getting processed by all BeanPostProcessors (for example: not eligible for auto-proxying)
2019-12-02 15:30:44.444  INFO 1 --- [main] o.s.b.w.embedded.tomcat.TomcatWebServer  : Tomcat initialized with port(s): 2123 (http)
2019-12-02 15:30:44.986  INFO 1 --- [main] o.apache.catalina.core.StandardService   : Starting service [Tomcat]
2019-12-02 15:30:44.993  INFO 1 --- [main] org.apache.catalina.core.StandardEngine  : Starting Servlet engine: [Apache Tomcat/9.0.21]
2019-12-02 15:30:46.175  INFO 1 --- [main] o.a.c.c.C.[Tomcat].[localhost].[/]       : Initializing Spring embedded WebApplicationContext
2019-12-02 15:30:46.181  INFO 1 --- [main] o.s.web.context.ContextLoader            : Root WebApplicationContext: initialization completed in 90169 ms
2019-12-02 15:30:55.542  INFO 1 --- [main] com.zaxxer.hikari.HikariDataSource       : HikariPool-1 - Starting...
2019-12-02 15:30:58.942  INFO 1 --- [main] com.zaxxer.hikari.HikariDataSource       : HikariPool-1 - Start completed.
2019-12-02 15:31:03.461  INFO 1 --- [main] o.hibernate.jpa.internal.util.LogHelper  : HHH000204: Processing PersistenceUnitInfo [
	name: default
	...]
2019-12-02 15:31:05.231  INFO 1 --- [main] org.hibernate.Version                    : HHH000412: Hibernate Core {5.3.10.Final}
2019-12-02 15:31:05.280  INFO 1 --- [main] org.hibernate.cfg.Environment            : HHH000206: hibernate.properties not found
2019-12-02 15:31:09.358  INFO 1 --- [main] o.hibernate.annotations.common.Version   : HCANN000001: Hibernate Commons Annotations {5.0.4.Final}
2019-12-02 15:31:14.940  INFO 1 --- [main] org.hibernate.dialect.Dialect            : HHH000400: Using dialect: org.hibernate.dialect.PostgreSQL95Dialect
2019-12-02 15:31:16.895  INFO 1 --- [main] o.h.e.j.e.i.LobCreatorBuilderImpl        : HHH000421: Disabling contextual LOB creation as hibernate.jdbc.lob.non_contextual_creation is true
2019-12-02 15:31:17.017  INFO 1 --- [main] org.hibernate.type.BasicTypeRegistry     : HHH000270: Type registration [java.util.UUID] overrides previous : org.hibernate.type.UUIDBinaryType@64280c1
2019-12-02 15:31:37.321  INFO 1 --- [main] j.LocalContainerEntityManagerFactoryBean : Initialized JPA EntityManagerFactory for persistence unit 'default'
2019-12-02 15:31:54.045  INFO 1 --- [main] o.h.h.i.QueryTranslatorFactoryInitiator  : HHH000397: Using ASTQueryTranslatorFactory
2019-12-02 15:32:05.837  WARN 1 --- [main] aWebConfiguration$JpaWebMvcConfiguration : spring.jpa.open-in-view is enabled by default. Therefore, database queries may be performed during view rendering. Explicitly configure spring.jpa.open-in-view to disable this warning
2019-12-02 15:32:20.231  INFO 1 --- [main] .s.s.UserDetailsServiceAutoConfiguration : 

Using generated security password: e884862c-5d8f-4f5b-93a5-fc02434b3bad

2019-12-02 15:32:25.503  INFO 1 --- [main] o.s.s.web.DefaultSecurityFilterChain     : Creating filter chain: any request, [org.springframework.security.web.context.request.async.WebAsyncManagerIntegrationFilter@676f485, org.springframework.security.web.context.SecurityContextPersistenceFilter@68560398, org.springframework.security.web.header.HeaderWriterFilter@73e218ca, org.springframework.security.web.authentication.logout.LogoutFilter@250217fd, org.springframework.security.web.authentication.www.BasicAuthenticationFilter@a793c26, org.springframework.security.web.savedrequest.RequestCacheAwareFilter@5661aa68, org.springframework.security.web.servletapi.SecurityContextHolderAwareRequestFilter@7335c08, org.springframework.security.web.authentication.AnonymousAuthenticationFilter@bf9eda3, org.springframework.security.web.session.SessionManagementFilter@6e92c515, org.springframework.security.web.access.ExceptionTranslationFilter@1c2abc04]
2019-12-02 15:32:27.917  INFO 1 --- [main] pertySourcedRequestMappingHandlerMapping : Mapped URL path [/v2/api-docs] onto method [public org.springframework.http.ResponseEntity<springfox.documentation.spring.web.json.Json> springfox.documentation.swagger2.web.Swagger2ControllerWebMvc.getDocumentation(java.lang.String,javax.servlet.http.HttpServletRequest)]
2019-12-02 15:32:30.279  WARN 1 --- [main] c.n.c.sources.URLConfigurationSource     : No URLs will be polled as dynamic configuration sources.
2019-12-02 15:32:30.283  INFO 1 --- [main] c.n.c.sources.URLConfigurationSource     : To enable URLs as dynamic configuration sources, define System property archaius.configurationSource.additionalUrls or make config.properties available on classpath.
2019-12-02 15:32:30.559  WARN 1 --- [main] c.n.c.sources.URLConfigurationSource     : No URLs will be polled as dynamic configuration sources.
2019-12-02 15:32:30.583  INFO 1 --- [main] c.n.c.sources.URLConfigurationSource     : To enable URLs as dynamic configuration sources, define System property archaius.configurationSource.additionalUrls or make config.properties available on classpath.
2019-12-02 15:32:39.248  INFO 1 --- [main] o.s.s.concurrent.ThreadPoolTaskExecutor  : Initializing ExecutorService 'applicationTaskExecutor'
2019-12-02 15:33:08.162  INFO 1 --- [main] o.s.c.n.eureka.InstanceInfoFactory       : Setting initial instance status as: STARTING
2019-12-02 15:33:08.898  INFO 1 --- [main] com.netflix.discovery.DiscoveryClient    : Initializing Eureka in region us-east-1
2019-12-02 15:33:10.037  INFO 1 --- [main] c.n.d.provider.DiscoveryJerseyProvider   : Using JSON encoding codec LegacyJacksonJson
2019-12-02 15:33:10.041  INFO 1 --- [main] c.n.d.provider.DiscoveryJerseyProvider   : Using JSON decoding codec LegacyJacksonJson
2019-12-02 15:33:16.493  INFO 1 --- [main] c.n.d.provider.DiscoveryJerseyProvider   : Using XML encoding codec XStreamXml
2019-12-02 15:33:16.507  INFO 1 --- [main] c.n.d.provider.DiscoveryJerseyProvider   : Using XML decoding codec XStreamXml
2019-12-02 15:33:18.962  INFO 1 --- [main] c.n.d.s.r.aws.ConfigClusterResolver      : Resolving eureka endpoints via configuration
2019-12-02 15:33:19.295  INFO 1 --- [main] com.netflix.discovery.DiscoveryClient    : Disable delta property : false
2019-12-02 15:33:19.297  INFO 1 --- [main] com.netflix.discovery.DiscoveryClient    : Single vip registry refresh property : null
2019-12-02 15:33:19.302  INFO 1 --- [main] com.netflix.discovery.DiscoveryClient    : Force full registry fetch : false
2019-12-02 15:33:19.304  INFO 1 --- [main] com.netflix.discovery.DiscoveryClient    : Application is null : false
2019-12-02 15:33:19.306  INFO 1 --- [main] com.netflix.discovery.DiscoveryClient    : Registered Applications size is zero : true
2019-12-02 15:33:19.309  INFO 1 --- [main] com.netflix.discovery.DiscoveryClient    : Application version is -1: true
2019-12-02 15:33:19.314  INFO 1 --- [main] com.netflix.discovery.DiscoveryClient    : Getting all instance registry info from the eureka server
2019-12-02 15:33:22.744  INFO 1 --- [main] com.netflix.discovery.DiscoveryClient    : The response status is 200
2019-12-02 15:33:22.773  INFO 1 --- [main] com.netflix.discovery.DiscoveryClient    : Starting heartbeat executor: renew interval is: 30
2019-12-02 15:33:22.797  INFO 1 --- [main] c.n.discovery.InstanceInfoReplicator     : InstanceInfoReplicator onDemand update allowed rate per min is 4
2019-12-02 15:33:22.925  INFO 1 --- [main] com.netflix.discovery.DiscoveryClient    : Discovery Client initialized at timestamp 1575300802898 with initial instances count: 1
2019-12-02 15:33:23.134  INFO 1 --- [main] o.s.c.n.e.s.EurekaServiceRegistry        : Registering application COMMENTS with eureka with status UP
2019-12-02 15:33:23.172  INFO 1 --- [main] com.netflix.discovery.DiscoveryClient    : Saw local status change event StatusChangeEvent [timestamp=1575300803171, current=UP, previous=STARTING]
2019-12-02 15:33:23.346  INFO 1 --- [main] d.s.w.p.DocumentationPluginsBootstrapper : Documentation plugins bootstrapped
2019-12-02 15:33:23.365  INFO 1 --- [DiscoveryClient-InstanceInfoReplicator-0] com.netflix.discovery.DiscoveryClient    : DiscoveryClient_COMMENTS/e3288dc77dd6:comments:2123: registering service...
2019-12-02 15:33:23.676  INFO 1 --- [main] d.s.w.p.DocumentationPluginsBootstrapper : Found 1 custom documentation plugin(s)
2019-12-02 15:33:24.962  INFO 1 --- [DiscoveryClient-InstanceInfoReplicator-0] com.netflix.discovery.DiscoveryClient    : DiscoveryClient_COMMENTS/e3288dc77dd6:comments:2123 - registration status: 204
2019-12-02 15:33:25.038  INFO 1 --- [main] s.d.s.w.s.ApiListingReferenceScanner     : Scanning for api listing references
2019-12-02 15:33:26.107  INFO 1 --- [main] o.s.a.r.c.CachingConnectionFactory       : Attempting to connect to: [rabbitmq:5672]
2019-12-02 15:33:26.824  INFO 1 --- [main] o.s.a.r.c.CachingConnectionFactory       : Created new connection: rabbitConnectionFactory#48beb7f:0/SimpleConnection@547f65e4 [delegate=amqp://guest@172.19.0.4:5672/, localPort= 41626]
2019-12-02 15:33:26.933  INFO 1 --- [main] o.s.amqp.rabbit.core.RabbitAdmin         : Auto-declaring a non-durable, auto-delete, or exclusive Queue (post.comment) durable:false, auto-delete:false, exclusive:false. It will be redeclared if the broker stops and is restarted while the connection factory is alive, but all messages will be lost.
2019-12-02 15:33:28.006  INFO 1 --- [main] o.s.b.w.embedded.tomcat.TomcatWebServer  : Tomcat started on port(s): 2123 (http) with context path ''
2019-12-02 15:33:28.039  INFO 1 --- [main] .s.c.n.e.s.EurekaAutoServiceRegistration : Updating port to 2123
2019-12-02 15:33:28.249  INFO 1 --- [main] c.g.c.CommentMicroserviceApplication     : Started CommentMicroserviceApplication in 279.089 seconds (JVM running for 504.93)
2019-12-02 15:33:30.491  INFO 1 --- [http-nio-2123-exec-1] o.a.c.c.C.[Tomcat].[localhost].[/]       : Initializing Spring DispatcherServlet 'dispatcherServlet'
2019-12-02 15:33:30.501  INFO 1 --- [http-nio-2123-exec-1] o.s.web.servlet.DispatcherServlet        : Initializing Servlet 'dispatcherServlet'
2019-12-02 15:33:31.406  INFO 1 --- [http-nio-2123-exec-1] o.s.web.servlet.DispatcherServlet        : Completed initialization in 899 ms
2019-12-02 15:38:19.029  INFO 1 --- [AsyncResolver-bootstrap-executor-0] c.n.d.s.r.aws.ConfigClusterResolver      : Resolving eureka endpoints via configuration
2019-12-02 15:43:18.779  INFO 1 --- [AsyncResolver-bootstrap-executor-0] c.n.d.s.r.aws.ConfigClusterResolver      : Resolving eureka endpoints via configuration
2019-12-02 15:47:41.088  INFO 1 --- [Thread-8] o.s.c.n.e.s.EurekaServiceRegistry        : Unregistering application COMMENTS with eureka with status DOWN
2019-12-02 15:47:41.175  WARN 1 --- [Thread-8] com.netflix.discovery.DiscoveryClient    : Saw local status change event StatusChangeEvent [timestamp=1575301661175, current=DOWN, previous=UP]
2019-12-02 15:47:41.201  INFO 1 --- [DiscoveryClient-InstanceInfoReplicator-0] com.netflix.discovery.DiscoveryClient    : DiscoveryClient_COMMENTS/e3288dc77dd6:comments:2123: registering service...
2019-12-02 15:47:41.438  INFO 1 --- [DiscoveryClient-InstanceInfoReplicator-0] com.netflix.discovery.DiscoveryClient    : DiscoveryClient_COMMENTS/e3288dc77dd6:comments:2123 - registration status: 204
2019-12-02 15:47:42.244  INFO 1 --- [Thread-8] o.s.a.r.l.SimpleMessageListenerContainer : Waiting for workers to finish.
2019-12-02 15:47:42.766  INFO 1 --- [Thread-8] o.s.a.r.l.SimpleMessageListenerContainer : Successfully waited for workers to finish.
2019-12-02 15:47:43.029  INFO 1 --- [Thread-8] o.s.a.r.l.SimpleMessageListenerContainer : Shutdown ignored - container is not active already
2019-12-02 15:47:43.205  INFO 1 --- [Thread-8] o.s.s.concurrent.ThreadPoolTaskExecutor  : Shutting down ExecutorService 'applicationTaskExecutor'
2019-12-02 15:47:43.549  INFO 1 --- [Thread-8] j.LocalContainerEntityManagerFactoryBean : Closing JPA EntityManagerFactory for persistence unit 'default'
2019-12-02 15:47:43.879  INFO 1 --- [Thread-8] com.netflix.discovery.DiscoveryClient    : Shutting down DiscoveryClient ...
2019-12-02 15:47:46.899  INFO 1 --- [Thread-8] com.netflix.discovery.DiscoveryClient    : Unregistering ...
2019-12-02 15:47:46.961  INFO 1 --- [Thread-8] com.netflix.discovery.DiscoveryClient    : DiscoveryClient_COMMENTS/e3288dc77dd6:comments:2123 - deregister  status: 200
2019-12-02 15:47:47.208  INFO 1 --- [Thread-8] com.netflix.discovery.DiscoveryClient    : Completed shut down of DiscoveryClient
2019-12-02 15:47:47.226  INFO 1 --- [Thread-8] com.zaxxer.hikari.HikariDataSource       : HikariPool-1 - Shutdown initiated...
2019-12-02 15:47:47.639  INFO 1 --- [Thread-8] com.zaxxer.hikari.HikariDataSource       : HikariPool-1 - Shutdown completed.
