2019-12-01 18:47:36.191  INFO 1 --- [main] c.g.c.CommentMicroserviceApplication     : The following profiles are active: dev
2019-12-01 18:48:30.538  INFO 1 --- [main] .s.d.r.c.RepositoryConfigurationDelegate : Bootstrapping Spring Data repositories in DEFAULT mode.
2019-12-01 18:48:39.098  INFO 1 --- [main] .s.d.r.c.RepositoryConfigurationDelegate : Finished Spring Data repository scanning in 8183ms. Found 1 repository interfaces.
2019-12-01 18:48:55.965  INFO 1 --- [main] o.s.cloud.context.scope.GenericScope     : BeanFactory id=29ee78df-58fe-3ad1-99a4-1fe2e91248ab
2019-12-01 18:49:11.565  INFO 1 --- [main] trationDelegate$BeanPostProcessorChecker : Bean 'org.springframework.transaction.annotation.ProxyTransactionManagementConfiguration' of type [org.springframework.transaction.annotation.ProxyTransactionManagementConfiguration$$EnhancerBySpringCGLIB$$63f3b70] is not eligible for getting processed by all BeanPostProcessors (for example: not eligible for auto-proxying)
2019-12-01 18:49:14.662  INFO 1 --- [main] trationDelegate$BeanPostProcessorChecker : Bean 'org.springframework.security.config.annotation.configuration.ObjectPostProcessorConfiguration' of type [org.springframework.security.config.annotation.configuration.ObjectPostProcessorConfiguration$$EnhancerBySpringCGLIB$$9eed03aa] is not eligible for getting processed by all BeanPostProcessors (for example: not eligible for auto-proxying)
2019-12-01 18:49:15.088  INFO 1 --- [main] trationDelegate$BeanPostProcessorChecker : Bean 'objectPostProcessor' of type [org.springframework.security.config.annotation.configuration.AutowireBeanFactoryObjectPostProcessor] is not eligible for getting processed by all BeanPostProcessors (for example: not eligible for auto-proxying)
2019-12-01 18:49:15.171  INFO 1 --- [main] trationDelegate$BeanPostProcessorChecker : Bean 'org.springframework.security.access.expression.method.DefaultMethodSecurityExpressionHandler@652a3976' of type [org.springframework.security.access.expression.method.DefaultMethodSecurityExpressionHandler] is not eligible for getting processed by all BeanPostProcessors (for example: not eligible for auto-proxying)
2019-12-01 18:49:15.300  INFO 1 --- [main] trationDelegate$BeanPostProcessorChecker : Bean 'org.springframework.security.config.annotation.method.configuration.GlobalMethodSecurityConfiguration' of type [org.springframework.security.config.annotation.method.configuration.GlobalMethodSecurityConfiguration$$EnhancerBySpringCGLIB$$c3c1a65c] is not eligible for getting processed by all BeanPostProcessors (for example: not eligible for auto-proxying)
2019-12-01 18:49:15.411  INFO 1 --- [main] trationDelegate$BeanPostProcessorChecker : Bean 'methodSecurityMetadataSource' of type [org.springframework.security.access.method.DelegatingMethodSecurityMetadataSource] is not eligible for getting processed by all BeanPostProcessors (for example: not eligible for auto-proxying)
2019-12-01 18:49:15.907  INFO 1 --- [main] trationDelegate$BeanPostProcessorChecker : Bean 'org.springframework.hateoas.config.HateoasConfiguration' of type [org.springframework.hateoas.config.HateoasConfiguration$$EnhancerBySpringCGLIB$$85bf88a2] is not eligible for getting processed by all BeanPostProcessors (for example: not eligible for auto-proxying)
2019-12-01 18:49:16.208  INFO 1 --- [main] trationDelegate$BeanPostProcessorChecker : Bean 'org.springframework.cloud.autoconfigure.ConfigurationPropertiesRebinderAutoConfiguration' of type [org.springframework.cloud.autoconfigure.ConfigurationPropertiesRebinderAutoConfiguration$$EnhancerBySpringCGLIB$$22593e6d] is not eligible for getting processed by all BeanPostProcessors (for example: not eligible for auto-proxying)
2019-12-01 18:49:31.668  INFO 1 --- [main] o.s.b.w.embedded.tomcat.TomcatWebServer  : Tomcat initialized with port(s): 2123 (http)
2019-12-01 18:49:33.443  INFO 1 --- [main] o.apache.catalina.core.StandardService   : Starting service [Tomcat]
2019-12-01 18:49:33.503  INFO 1 --- [main] org.apache.catalina.core.StandardEngine  : Starting Servlet engine: [Apache Tomcat/9.0.21]
2019-12-01 18:49:35.864  INFO 1 --- [main] o.a.c.c.C.[Tomcat].[localhost].[/]       : Initializing Spring embedded WebApplicationContext
2019-12-01 18:49:35.888  INFO 1 --- [main] o.s.web.context.ContextLoader            : Root WebApplicationContext: initialization completed in 119415 ms
2019-12-01 18:49:52.077  INFO 1 --- [main] com.zaxxer.hikari.HikariDataSource       : HikariPool-1 - Starting...
2019-12-01 18:49:56.283  INFO 1 --- [main] com.zaxxer.hikari.HikariDataSource       : HikariPool-1 - Start completed.
2019-12-01 18:50:01.877  INFO 1 --- [main] o.hibernate.jpa.internal.util.LogHelper  : HHH000204: Processing PersistenceUnitInfo [
	name: default
	...]
2019-12-01 18:50:05.237  INFO 1 --- [main] org.hibernate.Version                    : HHH000412: Hibernate Core {5.3.10.Final}
2019-12-01 18:50:05.311  INFO 1 --- [main] org.hibernate.cfg.Environment            : HHH000206: hibernate.properties not found
2019-12-01 18:50:13.934  INFO 1 --- [main] o.hibernate.annotations.common.Version   : HCANN000001: Hibernate Commons Annotations {5.0.4.Final}
2019-12-01 18:50:48.493  INFO 1 --- [main] org.hibernate.dialect.Dialect            : HHH000400: Using dialect: org.hibernate.dialect.PostgreSQL95Dialect
2019-12-01 18:51:00.475  INFO 1 --- [main] o.h.e.j.e.i.LobCreatorBuilderImpl        : HHH000421: Disabling contextual LOB creation as hibernate.jdbc.lob.non_contextual_creation is true
2019-12-01 18:51:01.094  INFO 1 --- [main] org.hibernate.type.BasicTypeRegistry     : HHH000270: Type registration [java.util.UUID] overrides previous : org.hibernate.type.UUIDBinaryType@4f2d88f1
2019-12-01 18:51:29.809  INFO 1 --- [main] j.LocalContainerEntityManagerFactoryBean : Initialized JPA EntityManagerFactory for persistence unit 'default'
2019-12-01 18:52:43.386  INFO 1 --- [main] o.h.h.i.QueryTranslatorFactoryInitiator  : HHH000397: Using ASTQueryTranslatorFactory
2019-12-01 18:53:20.536  WARN 1 --- [main] aWebConfiguration$JpaWebMvcConfiguration : spring.jpa.open-in-view is enabled by default. Therefore, database queries may be performed during view rendering. Explicitly configure spring.jpa.open-in-view to disable this warning
2019-12-01 18:54:13.780  INFO 1 --- [main] .s.s.UserDetailsServiceAutoConfiguration : 

Using generated security password: bddcef3d-e8f0-480e-b179-0a02a97234b8

2019-12-01 18:54:26.451  INFO 1 --- [main] o.s.s.web.DefaultSecurityFilterChain     : Creating filter chain: any request, [org.springframework.security.web.context.request.async.WebAsyncManagerIntegrationFilter@1e670df9, org.springframework.security.web.context.SecurityContextPersistenceFilter@14b3c70e, org.springframework.security.web.header.HeaderWriterFilter@67ae6950, org.springframework.security.web.authentication.logout.LogoutFilter@36ff403e, org.springframework.security.web.authentication.www.BasicAuthenticationFilter@28fbfb7, org.springframework.security.web.savedrequest.RequestCacheAwareFilter@2ee66fb3, org.springframework.security.web.servletapi.SecurityContextHolderAwareRequestFilter@4cdc4718, org.springframework.security.web.authentication.AnonymousAuthenticationFilter@32825541, org.springframework.security.web.session.SessionManagementFilter@277ed016, org.springframework.security.web.access.ExceptionTranslationFilter@614f46e1]
2019-12-01 18:54:33.650  INFO 1 --- [main] pertySourcedRequestMappingHandlerMapping : Mapped URL path [/v2/api-docs] onto method [public org.springframework.http.ResponseEntity<springfox.documentation.spring.web.json.Json> springfox.documentation.swagger2.web.Swagger2ControllerWebMvc.getDocumentation(java.lang.String,javax.servlet.http.HttpServletRequest)]
2019-12-01 18:54:35.698  WARN 1 --- [main] c.n.c.sources.URLConfigurationSource     : No URLs will be polled as dynamic configuration sources.
2019-12-01 18:54:35.705  INFO 1 --- [main] c.n.c.sources.URLConfigurationSource     : To enable URLs as dynamic configuration sources, define System property archaius.configurationSource.additionalUrls or make config.properties available on classpath.
2019-12-01 18:54:36.481  WARN 1 --- [main] c.n.c.sources.URLConfigurationSource     : No URLs will be polled as dynamic configuration sources.
2019-12-01 18:54:36.524  INFO 1 --- [main] c.n.c.sources.URLConfigurationSource     : To enable URLs as dynamic configuration sources, define System property archaius.configurationSource.additionalUrls or make config.properties available on classpath.
2019-12-01 18:54:51.781  INFO 1 --- [main] o.s.s.concurrent.ThreadPoolTaskExecutor  : Initializing ExecutorService 'applicationTaskExecutor'
2019-12-01 18:56:53.640  INFO 1 --- [main] o.s.c.n.eureka.InstanceInfoFactory       : Setting initial instance status as: STARTING
2019-12-01 18:57:00.100  INFO 1 --- [main] com.netflix.discovery.DiscoveryClient    : Initializing Eureka in region us-east-1
2019-12-01 18:57:03.933  INFO 1 --- [main] c.n.d.provider.DiscoveryJerseyProvider   : Using JSON encoding codec LegacyJacksonJson
2019-12-01 18:57:03.975  INFO 1 --- [main] c.n.d.provider.DiscoveryJerseyProvider   : Using JSON decoding codec LegacyJacksonJson
2019-12-01 18:57:09.037  INFO 1 --- [main] c.n.d.provider.DiscoveryJerseyProvider   : Using XML encoding codec XStreamXml
2019-12-01 18:57:09.067  INFO 1 --- [main] c.n.d.provider.DiscoveryJerseyProvider   : Using XML decoding codec XStreamXml
2019-12-01 18:57:17.637  INFO 1 --- [main] c.n.d.s.r.aws.ConfigClusterResolver      : Resolving eureka endpoints via configuration
2019-12-01 18:57:19.056  INFO 1 --- [main] com.netflix.discovery.DiscoveryClient    : Disable delta property : false
2019-12-01 18:57:19.066  INFO 1 --- [main] com.netflix.discovery.DiscoveryClient    : Single vip registry refresh property : null
2019-12-01 18:57:19.070  INFO 1 --- [main] com.netflix.discovery.DiscoveryClient    : Force full registry fetch : false
2019-12-01 18:57:19.083  INFO 1 --- [main] com.netflix.discovery.DiscoveryClient    : Application is null : false
2019-12-01 18:57:19.097  INFO 1 --- [main] com.netflix.discovery.DiscoveryClient    : Registered Applications size is zero : true
2019-12-01 18:57:19.103  INFO 1 --- [main] com.netflix.discovery.DiscoveryClient    : Application version is -1: true
2019-12-01 18:57:19.119  INFO 1 --- [main] com.netflix.discovery.DiscoveryClient    : Getting all instance registry info from the eureka server
2019-12-01 18:57:30.889  INFO 1 --- [main] com.netflix.discovery.DiscoveryClient    : The response status is 200
2019-12-01 18:57:30.986  INFO 1 --- [main] com.netflix.discovery.DiscoveryClient    : Starting heartbeat executor: renew interval is: 30
2019-12-01 18:57:31.030  INFO 1 --- [main] c.n.discovery.InstanceInfoReplicator     : InstanceInfoReplicator onDemand update allowed rate per min is 4
2019-12-01 18:57:31.099  INFO 1 --- [main] com.netflix.discovery.DiscoveryClient    : Discovery Client initialized at timestamp 1575226651087 with initial instances count: 4
2019-12-01 18:57:31.466  INFO 1 --- [main] o.s.c.n.e.s.EurekaServiceRegistry        : Registering application COMMENTS with eureka with status UP
2019-12-01 18:57:31.493  INFO 1 --- [main] com.netflix.discovery.DiscoveryClient    : Saw local status change event StatusChangeEvent [timestamp=1575226651492, current=UP, previous=STARTING]
2019-12-01 18:57:31.559  INFO 1 --- [main] d.s.w.p.DocumentationPluginsBootstrapper : Documentation plugins bootstrapped
2019-12-01 18:57:31.716  INFO 1 --- [DiscoveryClient-InstanceInfoReplicator-0] com.netflix.discovery.DiscoveryClient    : DiscoveryClient_COMMENTS/e63e6531f6f9:comments:2123: registering service...
2019-12-01 18:57:31.758  INFO 1 --- [main] d.s.w.p.DocumentationPluginsBootstrapper : Found 1 custom documentation plugin(s)
2019-12-01 18:57:33.924  INFO 1 --- [DiscoveryClient-InstanceInfoReplicator-0] com.netflix.discovery.DiscoveryClient    : DiscoveryClient_COMMENTS/e63e6531f6f9:comments:2123 - registration status: 204
2019-12-01 18:57:34.283  INFO 1 --- [main] s.d.s.w.s.ApiListingReferenceScanner     : Scanning for api listing references
2019-12-01 18:57:35.915  INFO 1 --- [main] o.s.a.r.c.CachingConnectionFactory       : Attempting to connect to: [rabbitmq:5672]
2019-12-01 18:57:36.962  INFO 1 --- [main] o.s.a.r.c.CachingConnectionFactory       : Created new connection: rabbitConnectionFactory#2c2efa9b:0/SimpleConnection@735b1ccf [delegate=amqp://guest@172.19.0.3:5672/, localPort= 52682]
2019-12-01 18:57:37.389  INFO 1 --- [main] o.s.amqp.rabbit.core.RabbitAdmin         : Auto-declaring a non-durable, auto-delete, or exclusive Queue (post.comment) durable:false, auto-delete:false, exclusive:false. It will be redeclared if the broker stops and is restarted while the connection factory is alive, but all messages will be lost.
2019-12-01 18:57:40.101  INFO 1 --- [main] o.s.b.w.embedded.tomcat.TomcatWebServer  : Tomcat started on port(s): 2123 (http) with context path ''
2019-12-01 18:57:40.121  INFO 1 --- [main] .s.c.n.e.s.EurekaAutoServiceRegistration : Updating port to 2123
2019-12-01 18:57:41.314  INFO 1 --- [main] c.g.c.CommentMicroserviceApplication     : Started CommentMicroserviceApplication in 658.466 seconds (JVM running for 882.809)
2019-12-01 18:57:43.722  INFO 1 --- [http-nio-2123-exec-1] o.a.c.c.C.[Tomcat].[localhost].[/]       : Initializing Spring DispatcherServlet 'dispatcherServlet'
2019-12-01 18:57:43.750  INFO 1 --- [http-nio-2123-exec-1] o.s.web.servlet.DispatcherServlet        : Initializing Servlet 'dispatcherServlet'
2019-12-01 18:57:44.586  INFO 1 --- [http-nio-2123-exec-1] o.s.web.servlet.DispatcherServlet        : Completed initialization in 830 ms
2019-12-01 19:02:18.819  INFO 1 --- [AsyncResolver-bootstrap-executor-0] c.n.d.s.r.aws.ConfigClusterResolver      : Resolving eureka endpoints via configuration
2019-12-01 19:02:33.944  INFO 1 --- [DiscoveryClient-CacheRefreshExecutor-0] o.a.http.impl.client.DefaultHttpClient   : I/O exception (org.apache.http.NoHttpResponseException) caught when processing request to {}->http://eureka:8761: The target server failed to respond
2019-12-01 19:02:33.974  INFO 1 --- [DiscoveryClient-CacheRefreshExecutor-0] o.a.http.impl.client.DefaultHttpClient   : Retrying request to {}->http://eureka:8761
2019-12-01 19:07:18.591  INFO 1 --- [AsyncResolver-bootstrap-executor-0] c.n.d.s.r.aws.ConfigClusterResolver      : Resolving eureka endpoints via configuration
2019-12-01 19:38:34.563  INFO 1 --- [AsyncResolver-bootstrap-executor-0] c.n.d.s.r.aws.ConfigClusterResolver      : Resolving eureka endpoints via configuration
2019-12-01 19:43:34.307  INFO 1 --- [AsyncResolver-bootstrap-executor-0] c.n.d.s.r.aws.ConfigClusterResolver      : Resolving eureka endpoints via configuration
2019-12-01 19:48:34.002  INFO 1 --- [AsyncResolver-bootstrap-executor-0] c.n.d.s.r.aws.ConfigClusterResolver      : Resolving eureka endpoints via configuration
2019-12-01 19:53:33.704  INFO 1 --- [AsyncResolver-bootstrap-executor-0] c.n.d.s.r.aws.ConfigClusterResolver      : Resolving eureka endpoints via configuration
2019-12-01 19:58:33.509  INFO 1 --- [AsyncResolver-bootstrap-executor-0] c.n.d.s.r.aws.ConfigClusterResolver      : Resolving eureka endpoints via configuration
2019-12-01 20:03:33.204  INFO 1 --- [AsyncResolver-bootstrap-executor-0] c.n.d.s.r.aws.ConfigClusterResolver      : Resolving eureka endpoints via configuration
2019-12-01 20:17:51.664  INFO 1 --- [AsyncResolver-bootstrap-executor-0] c.n.d.s.r.aws.ConfigClusterResolver      : Resolving eureka endpoints via configuration
2019-12-01 20:23:31.863  INFO 1 --- [AsyncResolver-bootstrap-executor-0] c.n.d.s.r.aws.ConfigClusterResolver      : Resolving eureka endpoints via configuration
2019-12-01 20:28:31.529  INFO 1 --- [AsyncResolver-bootstrap-executor-0] c.n.d.s.r.aws.ConfigClusterResolver      : Resolving eureka endpoints via configuration
2019-12-01 20:33:31.177  INFO 1 --- [AsyncResolver-bootstrap-executor-0] c.n.d.s.r.aws.ConfigClusterResolver      : Resolving eureka endpoints via configuration
2019-12-01 20:38:30.947  INFO 1 --- [AsyncResolver-bootstrap-executor-0] c.n.d.s.r.aws.ConfigClusterResolver      : Resolving eureka endpoints via configuration
2019-12-01 20:43:30.610  INFO 1 --- [AsyncResolver-bootstrap-executor-0] c.n.d.s.r.aws.ConfigClusterResolver      : Resolving eureka endpoints via configuration
2019-12-01 20:48:30.355  INFO 1 --- [AsyncResolver-bootstrap-executor-0] c.n.d.s.r.aws.ConfigClusterResolver      : Resolving eureka endpoints via configuration
2019-12-01 20:53:30.127  INFO 1 --- [AsyncResolver-bootstrap-executor-0] c.n.d.s.r.aws.ConfigClusterResolver      : Resolving eureka endpoints via configuration
2019-12-01 20:58:29.779  INFO 1 --- [AsyncResolver-bootstrap-executor-0] c.n.d.s.r.aws.ConfigClusterResolver      : Resolving eureka endpoints via configuration
2019-12-01 21:03:29.433  INFO 1 --- [AsyncResolver-bootstrap-executor-0] c.n.d.s.r.aws.ConfigClusterResolver      : Resolving eureka endpoints via configuration
2019-12-01 21:08:29.204  INFO 1 --- [AsyncResolver-bootstrap-executor-0] c.n.d.s.r.aws.ConfigClusterResolver      : Resolving eureka endpoints via configuration
2019-12-01 21:55:36.154  INFO 1 --- [AsyncResolver-bootstrap-executor-0] c.n.d.s.r.aws.ConfigClusterResolver      : Resolving eureka endpoints via configuration
2019-12-01 22:00:35.853  INFO 1 --- [AsyncResolver-bootstrap-executor-0] c.n.d.s.r.aws.ConfigClusterResolver      : Resolving eureka endpoints via configuration
2019-12-01 22:05:35.607  INFO 1 --- [AsyncResolver-bootstrap-executor-0] c.n.d.s.r.aws.ConfigClusterResolver      : Resolving eureka endpoints via configuration
2019-12-01 22:08:50.595  INFO 1 --- [Thread-8] o.s.c.n.e.s.EurekaServiceRegistry        : Unregistering application COMMENTS with eureka with status DOWN
2019-12-01 22:08:50.784  WARN 1 --- [Thread-8] com.netflix.discovery.DiscoveryClient    : Saw local status change event StatusChangeEvent [timestamp=1575238130784, current=DOWN, previous=UP]
2019-12-01 22:08:50.853  INFO 1 --- [DiscoveryClient-InstanceInfoReplicator-0] com.netflix.discovery.DiscoveryClient    : DiscoveryClient_COMMENTS/e63e6531f6f9:comments:2123: registering service...
2019-12-01 22:08:52.597  INFO 1 --- [DiscoveryClient-InstanceInfoReplicator-0] com.netflix.discovery.DiscoveryClient    : DiscoveryClient_COMMENTS/e63e6531f6f9:comments:2123 - registration status: 204
2019-12-01 22:08:56.849  INFO 1 --- [Thread-8] o.s.a.r.l.SimpleMessageListenerContainer : Waiting for workers to finish.
2019-12-01 22:08:59.125  INFO 1 --- [Thread-8] o.s.a.r.l.SimpleMessageListenerContainer : Successfully waited for workers to finish.
